<?xml version="1.0" encoding="UTF-8"?>
<!-- Generated by org.testng.reporters.JUnitReportReporter -->
<testsuite hostname="DESKTOP-RG3KRF0" failures="0" tests="1" name="trailPack.Vanila_TestCase" time="0.009" errors="0" timestamp="20 Feb 2021 18:11:25 GMT" skipped="0">
  <testcase classname="trailPack.Vanila_TestCase" name="foo" time="0.009"/>
</testsuite> <!-- trailPack.Vanila_TestCase -->
