<?xml version="1.0" encoding="UTF-8"?>
<!-- Generated by org.testng.reporters.JUnitReportReporter -->
<testsuite hostname="DESKTOP-RG3KRF0" failures="0" tests="6" name="net.element.crm.tests.POC" time="0.019" errors="0" timestamp="16 Feb 2021 09:29:45 GMT" skipped="0">
  <testcase classname="net.element.crm.tests.POC" name="step02" time="0.002"/>
  <testcase classname="net.element.crm.tests.POC" name="step01" time="0.011"/>
  <testcase classname="net.element.crm.tests.POC" name="step03" time="0.001"/>
  <testcase classname="net.element.crm.tests.POC" name="step06" time="0.002"/>
  <testcase classname="net.element.crm.tests.POC" name="step05" time="0.001"/>
  <testcase classname="net.element.crm.tests.POC" name="step04" time="0.002"/>
</testsuite> <!-- net.element.crm.tests.POC -->
