<?xml version="1.0" encoding="UTF-8"?>
<!-- Generated by org.testng.reporters.JUnitReportReporter -->
<testsuite hostname="DESKTOP-RG3KRF0" failures="0" tests="6" name="net.element.crm.tests.POC_TC02_None" time="2.417" errors="0" timestamp="23 Feb 2021 04:14:12 GMT" skipped="0">
  <testcase classname="net.element.crm.tests.POC_TC02_None" name="step04" time="0.352"/>
  <testcase classname="net.element.crm.tests.POC_TC02_None" name="step03" time="0.334"/>
  <testcase classname="net.element.crm.tests.POC_TC02_None" name="step01" time="0.395"/>
  <testcase classname="net.element.crm.tests.POC_TC02_None" name="step02" time="0.320"/>
  <testcase classname="net.element.crm.tests.POC_TC02_None" name="step05" time="0.684"/>
  <testcase classname="net.element.crm.tests.POC_TC02_None" name="step06" time="0.332"/>
</testsuite> <!-- net.element.crm.tests.POC_TC02_None -->
