<?xml version="1.0" encoding="UTF-8"?>
<!-- Generated by org.testng.reporters.JUnitReportReporter -->
<testsuite hostname="DESKTOP-RG3KRF0" failures="0" tests="6" name="net.element.crm.tests.POC_TC01_GrabLockIssue" time="183.074" errors="0" timestamp="24 Feb 2021 20:17:51 GMT" skipped="0">
  <testcase classname="net.element.crm.tests.POC_TC01_GrabLockIssue" name="step04" time="178.305"/>
  <testcase classname="net.element.crm.tests.POC_TC01_GrabLockIssue" name="step01" time="0.989"/>
  <testcase classname="net.element.crm.tests.POC_TC01_GrabLockIssue" name="step06" time="1.574"/>
  <testcase classname="net.element.crm.tests.POC_TC01_GrabLockIssue" name="step03" time="0.901"/>
  <testcase classname="net.element.crm.tests.POC_TC01_GrabLockIssue" name="step05" time="0.517"/>
  <testcase classname="net.element.crm.tests.POC_TC01_GrabLockIssue" name="step02" time="0.788"/>
</testsuite> <!-- net.element.crm.tests.POC_TC01_GrabLockIssue -->
